start training! 
load data time0.0004
========================================
Processing the 1 th epoch
Epoch: 1/10, Batch 10/1250, MSE Loss 47.66142749786377,acc0.6096687316894531
Epoch: 1/10, Batch 20/1250, MSE Loss 44.3754843711853,acc0.6108779907226562
Epoch: 1/10, Batch 30/1250, MSE Loss 43.44960594177246,acc0.6203269958496094
Epoch: 1/10, Batch 40/1250, MSE Loss 42.30628232955932,acc0.640380859375
Epoch: 1/10, Batch 50/1250, MSE Loss 40.631283378601076,acc0.6576309204101562
Epoch: 1/10, Batch 60/1250, MSE Loss 38.45080652236938,acc0.6745758056640625
Epoch: 1/10, Batch 70/1250, MSE Loss 35.893389558792116,acc0.6972007751464844
Epoch: 1/10, Batch 80/1250, MSE Loss 33.72848229408264,acc0.7074546813964844
Epoch: 1/10, Batch 90/1250, MSE Loss 31.660721683502196,acc0.7355766296386719
Epoch: 1/10, Batch 100/1250, MSE Loss 30.703220510482787,acc0.7389259338378906
MSE on testset32.13752418756485,acc0.6940326690673828
Epoch: 1/10, Batch 110/1250, MSE Loss 28.362726783752443,acc0.7521553039550781
Epoch: 1/10, Batch 120/1250, MSE Loss 27.017872428894044,acc0.7754974365234375
Epoch: 1/10, Batch 130/1250, MSE Loss 25.630877113342287,acc0.7831230163574219
Epoch: 1/10, Batch 140/1250, MSE Loss 24.589377641677856,acc0.7754287719726562
Epoch: 1/10, Batch 150/1250, MSE Loss 23.772656154632568,acc0.7981681823730469
Epoch: 1/10, Batch 160/1250, MSE Loss 22.080661869049074,acc0.7971000671386719
Epoch: 1/10, Batch 170/1250, MSE Loss 21.237164306640626,acc0.8100013732910156
Epoch: 1/10, Batch 180/1250, MSE Loss 20.73661341667175,acc0.8177490234375
Epoch: 1/10, Batch 190/1250, MSE Loss 20.194247102737428,acc0.8099937438964844
Epoch: 1/10, Batch 200/1250, MSE Loss 19.96983504295349,acc0.8068008422851562
MSE on testset23.068134784698486,acc0.7455344200134277
Epoch: 1/10, Batch 210/1250, MSE Loss 19.629961585998537,acc0.8195610046386719
Epoch: 1/10, Batch 220/1250, MSE Loss 19.15429139137268,acc0.8163719177246094
Epoch: 1/10, Batch 230/1250, MSE Loss 18.67964005470276,acc0.8302497863769531
Epoch: 1/10, Batch 240/1250, MSE Loss 18.379442119598387,acc0.8271675109863281
Epoch: 1/10, Batch 250/1250, MSE Loss 17.84129991531372,acc0.8195571899414062
Epoch: 1/10, Batch 260/1250, MSE Loss 17.78764832019806,acc0.8236236572265625
Epoch: 1/10, Batch 270/1250, MSE Loss 17.920601582527162,acc0.8251609802246094
Epoch: 1/10, Batch 280/1250, MSE Loss 17.481447768211364,acc0.8326530456542969
Epoch: 1/10, Batch 290/1250, MSE Loss 17.140023636817933,acc0.8420219421386719
Epoch: 1/10, Batch 300/1250, MSE Loss 16.925551319122313,acc0.8303298950195312
MSE on testset20.138090550899506,acc0.7607731819152832
Epoch: 1/10, Batch 310/1250, MSE Loss 16.807180285453796,acc0.8347930908203125
Epoch: 1/10, Batch 320/1250, MSE Loss 16.530190682411195,acc0.8298988342285156
Epoch: 1/10, Batch 330/1250, MSE Loss 16.36531546115875,acc0.8363800048828125
Epoch: 1/10, Batch 340/1250, MSE Loss 16.368643712997436,acc0.8410263061523438
Epoch: 1/10, Batch 350/1250, MSE Loss 16.326598358154296,acc0.8350944519042969
Epoch: 1/10, Batch 360/1250, MSE Loss 15.930453157424926,acc0.8362007141113281
Epoch: 1/10, Batch 370/1250, MSE Loss 15.92719054222107,acc0.8358612060546875
Epoch: 1/10, Batch 380/1250, MSE Loss 16.21484522819519,acc0.8320045471191406
Epoch: 1/10, Batch 390/1250, MSE Loss 15.500982022285461,acc0.8391036987304688
Epoch: 1/10, Batch 400/1250, MSE Loss 15.821142292022705,acc0.8404884338378906
MSE on testset18.890481531620026,acc0.7669968605041504
Epoch: 1/10, Batch 410/1250, MSE Loss 15.860698246955872,acc0.8427162170410156
Epoch: 1/10, Batch 420/1250, MSE Loss 16.005115699768066,acc0.8370437622070312
Epoch: 1/10, Batch 430/1250, MSE Loss 15.690718841552734,acc0.8348960876464844
Epoch: 1/10, Batch 440/1250, MSE Loss 15.459721565246582,acc0.8375282287597656
Epoch: 1/10, Batch 450/1250, MSE Loss 15.753189635276794,acc0.8391265869140625
Epoch: 1/10, Batch 460/1250, MSE Loss 15.685683584213256,acc0.8421745300292969
Epoch: 1/10, Batch 470/1250, MSE Loss 15.586336827278137,acc0.8406829833984375
Epoch: 1/10, Batch 480/1250, MSE Loss 16.358317160606383,acc0.8397674560546875
Epoch: 1/10, Batch 490/1250, MSE Loss 15.847005772590638,acc0.8300056457519531
Epoch: 1/10, Batch 500/1250, MSE Loss 15.729602766036987,acc0.8388404846191406
MSE on testset18.748935222625732,acc0.7680416107177734
Epoch: 1/10, Batch 510/1250, MSE Loss 15.53189949989319,acc0.8433456420898438
Epoch: 1/10, Batch 520/1250, MSE Loss 15.40645718574524,acc0.8412017822265625
Epoch: 1/10, Batch 530/1250, MSE Loss 15.333041548728943,acc0.8460540771484375
Epoch: 1/10, Batch 540/1250, MSE Loss 15.453368973731994,acc0.8371849060058594
Epoch: 1/10, Batch 550/1250, MSE Loss 15.717093133926392,acc0.8415908813476562
Epoch: 1/10, Batch 560/1250, MSE Loss 15.828760409355164,acc0.849151611328125
Epoch: 1/10, Batch 570/1250, MSE Loss 15.78771333694458,acc0.8432464599609375
Epoch: 1/10, Batch 580/1250, MSE Loss 15.638950181007385,acc0.8482437133789062
Epoch: 1/10, Batch 590/1250, MSE Loss 16.03705675601959,acc0.8435935974121094
Epoch: 1/10, Batch 600/1250, MSE Loss 15.506192278861999,acc0.84197998046875
MSE on testset18.635341227054596,acc0.7686362266540527
Epoch: 1/10, Batch 610/1250, MSE Loss 15.5134437084198,acc0.8447914123535156
Epoch: 1/10, Batch 620/1250, MSE Loss 15.59400188922882,acc0.8389701843261719
Epoch: 1/10, Batch 630/1250, MSE Loss 15.786942219734192,acc0.84136962890625
Epoch: 1/10, Batch 640/1250, MSE Loss 15.748807978630065,acc0.8409690856933594
Epoch: 1/10, Batch 650/1250, MSE Loss 15.438950347900391,acc0.8442916870117188
Epoch: 1/10, Batch 660/1250, MSE Loss 15.47279851436615,acc0.8468208312988281
Epoch: 1/10, Batch 670/1250, MSE Loss 15.311182403564453,acc0.8380279541015625
Epoch: 1/10, Batch 680/1250, MSE Loss 15.610836291313172,acc0.8454208374023438
Epoch: 1/10, Batch 690/1250, MSE Loss 15.568898344039917,acc0.8426017761230469
Epoch: 1/10, Batch 700/1250, MSE Loss 15.276291251182556,acc0.8405113220214844
MSE on testset18.59166717529297,acc0.7684330940246582
Epoch: 1/10, Batch 710/1250, MSE Loss 15.345797777175903,acc0.8438873291015625
Epoch: 1/10, Batch 720/1250, MSE Loss 15.708784866333009,acc0.8331756591796875
Epoch: 1/10, Batch 730/1250, MSE Loss 15.199619102478028,acc0.8452224731445312
Epoch: 1/10, Batch 740/1250, MSE Loss 15.54892702102661,acc0.8461723327636719
Epoch: 1/10, Batch 750/1250, MSE Loss 15.300908470153809,acc0.841339111328125
Epoch: 1/10, Batch 760/1250, MSE Loss 15.359162592887879,acc0.8313064575195312
Epoch: 1/10, Batch 770/1250, MSE Loss 15.453391742706298,acc0.8497161865234375
Epoch: 1/10, Batch 780/1250, MSE Loss 15.90385377407074,acc0.8325653076171875
Epoch: 1/10, Batch 790/1250, MSE Loss 15.065553855895995,acc0.8485946655273438
Epoch: 1/10, Batch 800/1250, MSE Loss 15.344999051094055,acc0.852386474609375
MSE on testset18.723489701747894,acc0.7675051689147949
Epoch: 1/10, Batch 810/1250, MSE Loss 15.535558795928955,acc0.8400192260742188
Epoch: 1/10, Batch 820/1250, MSE Loss 15.45667359828949,acc0.835052490234375
Epoch: 1/10, Batch 830/1250, MSE Loss 15.96557421684265,acc0.8419342041015625
Epoch: 1/10, Batch 840/1250, MSE Loss 15.441258478164674,acc0.8443145751953125
Epoch: 1/10, Batch 850/1250, MSE Loss 15.04771547317505,acc0.8439445495605469
Epoch: 1/10, Batch 860/1250, MSE Loss 15.323929524421692,acc0.8341255187988281
Epoch: 1/10, Batch 870/1250, MSE Loss 15.674514889717102,acc0.8519020080566406
Epoch: 1/10, Batch 880/1250, MSE Loss 15.00998055934906,acc0.845733642578125
Epoch: 1/10, Batch 890/1250, MSE Loss 15.412364721298218,acc0.8402633666992188
Epoch: 1/10, Batch 900/1250, MSE Loss 15.255480933189393,acc0.8405342102050781
MSE on testset18.579449951648712,acc0.7689824104309082
Epoch: 1/10, Batch 910/1250, MSE Loss 15.065690684318543,acc0.8430137634277344
Epoch: 1/10, Batch 920/1250, MSE Loss 14.991377973556519,acc0.8485450744628906
Epoch: 1/10, Batch 930/1250, MSE Loss 15.858525347709655,acc0.8360557556152344
Epoch: 1/10, Batch 940/1250, MSE Loss 16.088756346702574,acc0.8351173400878906
Epoch: 1/10, Batch 950/1250, MSE Loss 15.355979204177856,acc0.8435821533203125
Epoch: 1/10, Batch 960/1250, MSE Loss 15.477729678153992,acc0.840240478515625
Epoch: 1/10, Batch 970/1250, MSE Loss 15.237688183784485,acc0.8381843566894531
Epoch: 1/10, Batch 980/1250, MSE Loss 15.182323431968689,acc0.8459892272949219
Epoch: 1/10, Batch 990/1250, MSE Loss 15.68493206501007,acc0.84600830078125
Epoch: 1/10, Batch 1000/1250, MSE Loss 15.578064727783204,acc0.8369636535644531
MSE on testset18.524589598178864,acc0.7690267562866211
Epoch: 1/10, Batch 1010/1250, MSE Loss 15.822423815727234,acc0.8327407836914062
Epoch: 1/10, Batch 1020/1250, MSE Loss 15.067456984519959,acc0.8492965698242188
Epoch: 1/10, Batch 1030/1250, MSE Loss 15.501167821884156,acc0.8418846130371094
Epoch: 1/10, Batch 1040/1250, MSE Loss 15.368204045295716,acc0.8379364013671875
Epoch: 1/10, Batch 1050/1250, MSE Loss 15.594597005844117,acc0.8386573791503906
Epoch: 1/10, Batch 1060/1250, MSE Loss 15.635099506378173,acc0.839599609375
Epoch: 1/10, Batch 1070/1250, MSE Loss 15.1702472448349,acc0.8389129638671875
Epoch: 1/10, Batch 1080/1250, MSE Loss 15.593618702888488,acc0.8384666442871094
Epoch: 1/10, Batch 1090/1250, MSE Loss 15.341968941688538,acc0.8430900573730469
Epoch: 1/10, Batch 1100/1250, MSE Loss 15.040741539001464,acc0.8387680053710938
MSE on testset18.438488960266113,acc0.7686285972595215
Epoch: 1/10, Batch 1110/1250, MSE Loss 15.449613428115844,acc0.8393096923828125
Epoch: 1/10, Batch 1120/1250, MSE Loss 15.649313163757324,acc0.830657958984375
Epoch: 1/10, Batch 1130/1250, MSE Loss 15.19342532157898,acc0.8469009399414062
Epoch: 1/10, Batch 1140/1250, MSE Loss 15.261151599884034,acc0.8435401916503906
Epoch: 1/10, Batch 1150/1250, MSE Loss 15.52595658302307,acc0.8391990661621094
Epoch: 1/10, Batch 1160/1250, MSE Loss 15.384736347198487,acc0.8391494750976562
Epoch: 1/10, Batch 1170/1250, MSE Loss 15.484594535827636,acc0.8449935913085938
Epoch: 1/10, Batch 1180/1250, MSE Loss 15.228989219665527,acc0.8406906127929688
Epoch: 1/10, Batch 1190/1250, MSE Loss 16.068877744674683,acc0.8405265808105469
Epoch: 1/10, Batch 1200/1250, MSE Loss 15.228383636474609,acc0.8462600708007812
MSE on testset18.415773570537567,acc0.7695708274841309
Epoch: 1/10, Batch 1210/1250, MSE Loss 15.484762144088744,acc0.8427696228027344
Epoch: 1/10, Batch 1220/1250, MSE Loss 15.202741503715515,acc0.8364295959472656
Epoch: 1/10, Batch 1230/1250, MSE Loss 15.698258328437806,acc0.8393936157226562
Epoch: 1/10, Batch 1240/1250, MSE Loss 15.447210788726807,acc0.8395767211914062
Epoch: 1/10, Batch 1250/1250, MSE Loss 15.052959728240968,acc0.8507118225097656
第1次循环，MSE on trainset 18.2648
per epoch train time1191.5471
========================================
Processing the 2 th epoch
Epoch: 2/10, Batch 10/1250, MSE Loss 15.157464694976806,acc0.8410835266113281
Epoch: 2/10, Batch 20/1250, MSE Loss 15.844096612930297,acc0.837127685546875
Epoch: 2/10, Batch 30/1250, MSE Loss 15.510344123840332,acc0.8330154418945312
Epoch: 2/10, Batch 40/1250, MSE Loss 15.291191291809081,acc0.8460540771484375
Epoch: 2/10, Batch 50/1250, MSE Loss 15.8499174118042,acc0.8357276916503906
Epoch: 2/10, Batch 60/1250, MSE Loss 15.082300996780395,acc0.8489418029785156
Epoch: 2/10, Batch 70/1250, MSE Loss 15.016142416000367,acc0.8450088500976562
Epoch: 2/10, Batch 80/1250, MSE Loss 14.870903944969177,acc0.8440017700195312
Epoch: 2/10, Batch 90/1250, MSE Loss 14.885959219932555,acc0.8459434509277344
Epoch: 2/10, Batch 100/1250, MSE Loss 15.890764355659485,acc0.8391990661621094
MSE on testset18.378274261951447,acc0.7701644897460938
Epoch: 2/10, Batch 110/1250, MSE Loss 15.321193957328797,acc0.8405914306640625
Epoch: 2/10, Batch 120/1250, MSE Loss 15.368857884407044,acc0.8490943908691406
Epoch: 2/10, Batch 130/1250, MSE Loss 15.20389711856842,acc0.8453330993652344
Epoch: 2/10, Batch 140/1250, MSE Loss 15.431568813323974,acc0.8380393981933594
Epoch: 2/10, Batch 150/1250, MSE Loss 15.551402688026428,acc0.8515586853027344
Epoch: 2/10, Batch 160/1250, MSE Loss 14.96224820613861,acc0.8430671691894531
Epoch: 2/10, Batch 170/1250, MSE Loss 14.986666393280029,acc0.8496437072753906
Epoch: 2/10, Batch 180/1250, MSE Loss 15.32827525138855,acc0.84844970703125
Epoch: 2/10, Batch 190/1250, MSE Loss 15.356565141677857,acc0.8436927795410156
Epoch: 2/10, Batch 200/1250, MSE Loss 15.620349502563476,acc0.8348731994628906
MSE on testset18.33270889520645,acc0.7698664665222168
Epoch: 2/10, Batch 210/1250, MSE Loss 15.561550092697143,acc0.8448715209960938
Epoch: 2/10, Batch 220/1250, MSE Loss 15.58337094783783,acc0.83978271484375
Epoch: 2/10, Batch 230/1250, MSE Loss 15.32398600578308,acc0.8527565002441406
Epoch: 2/10, Batch 240/1250, MSE Loss 15.373093295097352,acc0.8471183776855469
Epoch: 2/10, Batch 250/1250, MSE Loss 15.018967580795287,acc0.8378410339355469
Epoch: 2/10, Batch 260/1250, MSE Loss 15.052464413642884,acc0.8397293090820312
Epoch: 2/10, Batch 270/1250, MSE Loss 15.545166778564454,acc0.8440589904785156
Epoch: 2/10, Batch 280/1250, MSE Loss 15.402257776260376,acc0.8443565368652344
Epoch: 2/10, Batch 290/1250, MSE Loss 15.33192548751831,acc0.8533248901367188
Epoch: 2/10, Batch 300/1250, MSE Loss 15.223030638694762,acc0.8420562744140625
MSE on testset18.33674645423889,acc0.7695341110229492
Epoch: 2/10, Batch 310/1250, MSE Loss 15.313962244987488,acc0.8451004028320312
Epoch: 2/10, Batch 320/1250, MSE Loss 15.202672648429871,acc0.8383827209472656
Epoch: 2/10, Batch 330/1250, MSE Loss 15.190949630737304,acc0.8433647155761719
Epoch: 2/10, Batch 340/1250, MSE Loss 15.333375835418702,acc0.8472442626953125
Epoch: 2/10, Batch 350/1250, MSE Loss 15.381006288528443,acc0.8413925170898438
Epoch: 2/10, Batch 360/1250, MSE Loss 15.066460824012756,acc0.8418960571289062
Epoch: 2/10, Batch 370/1250, MSE Loss 15.151342105865478,acc0.8421516418457031
Epoch: 2/10, Batch 380/1250, MSE Loss 15.48297688961029,acc0.8378486633300781
Epoch: 2/10, Batch 390/1250, MSE Loss 14.784497928619384,acc0.84283447265625
Epoch: 2/10, Batch 400/1250, MSE Loss 15.148697233200073,acc0.8461380004882812
MSE on testset18.281889736652374,acc0.7695627212524414
Epoch: 2/10, Batch 410/1250, MSE Loss 15.172535920143128,acc0.8483467102050781
Epoch: 2/10, Batch 420/1250, MSE Loss 15.322520089149474,acc0.8431205749511719
Epoch: 2/10, Batch 430/1250, MSE Loss 15.011317491531372,acc0.840057373046875
Epoch: 2/10, Batch 440/1250, MSE Loss 14.83896095752716,acc0.8418159484863281
Epoch: 2/10, Batch 450/1250, MSE Loss 15.168706011772155,acc0.8436775207519531
Epoch: 2/10, Batch 460/1250, MSE Loss 15.111447525024413,acc0.8474044799804688
Epoch: 2/10, Batch 470/1250, MSE Loss 14.978769207000733,acc0.8446807861328125
